C51 COMPILER V9.60.0.0   ADSENSOR                                                          06/28/2022 00:09:52 PAGE 1   


C51 COMPILER V9.60.0.0, COMPILATION OF MODULE ADSENSOR
OBJECT MODULE PLACED IN .\Objects\adsensor.obj
COMPILER INVOKED BY: C:\Program Files\Keil\C51\BIN\C51.EXE Src\adc\adsensor.c OMF2 OPTIMIZE(0,SPEED) BROWSE DEFINE(STC) 
                    -DEBUG PRINT(.\Listings\adsensor.lst) TABS(2) OBJECT(.\Objects\adsensor.obj)

line level    source

   1          #include "adsensor.h"
   2          
   3          XDATA u8 adc_initialized = 0;
   4          void adc_init()
   5          {
   6   1        XDATA ADC_InitTypeDef adc_settings;
   7   1        
   8   1          if(adc_initialized)
   9   1              return;
  10   1      
  11   1          /*
  12   1          Initalize ADC:
  13   1              P1.2 for HALL sensor
  14   1              P1.3 for Temperature sensor
  15   1              P1.4 for Light sensor
  16   1              P1.7 for Button3 and Navigation Button
  17   1          */
  18   1          adc_settings.ADC_Px = ADC_P12 | ADC_P13 | ADC_P14 | ADC_P17;
  19   1          adc_settings.ADC_Speed = ADC_90T;
  20   1          adc_settings.ADC_Power = ENABLE;
  21   1          adc_settings.ADC_AdjResult = ADC_RES_H8L2;
  22   1          adc_settings.ADC_Polity = PolityLow;
  23   1          adc_settings.ADC_Interrupt = DISABLE;
  24   1      
  25   1          ADC_Inilize(&adc_settings);
  26   1      
  27   1          adc_initialized = 1;
  28   1      }


MODULE INFORMATION:   STATIC OVERLAYABLE
   CODE SIZE        =     57    ----
   CONSTANT SIZE    =   ----    ----
   XDATA SIZE       =      7    ----
   PDATA SIZE       =   ----    ----
   DATA SIZE        =   ----    ----
   IDATA SIZE       =   ----    ----
   BIT SIZE         =   ----    ----
   EDATA SIZE       =   ----    ----
   HDATA SIZE       =   ----    ----
   XDATA CONST SIZE =   ----    ----
   FAR CONST SIZE   =   ----    ----
END OF MODULE INFORMATION.


C51 COMPILATION COMPLETE.  0 WARNING(S),  0 ERROR(S)
