C51 COMPILER V9.05   BUZZER                                                                06/28/2022 11:57:18 PAGE 1   


C51 COMPILER V9.05, COMPILATION OF MODULE BUZZER
OBJECT MODULE PLACED IN .\Objects\buzzer.obj
COMPILER INVOKED BY: C:\Keil\C51\BIN\C51.EXE Src\buzzer\buzzer.c LARGE OMF2 OPTIMIZE(0,SPEED) BROWSE NOAREGS DEFINE(STC)
                    - DEBUG PRINT(.\Listings\buzzer.lst) OBJECT(.\Objects\buzzer.obj)

line level    source

   1          #include "buzzer.h"
*** WARNING C318 IN LINE 4 OF Src\buzzer\buzzer.h: can't open file 'global.h'
   2          
   3          void buzzer_init()
   4          {
   5   1          //Set Buzzer pin (P34) to Push-Pull mode (M1 = 0, M0 = 1)
   6   1          P3M1 &= 0xEF; // 1110 1111
   7   1          P3M0 |= 0x10; // 0001 0000
   8   1      
   9   1          //Setup Timer1
  10   1          TR1 = 0;    //Stop Timer1
  11   1          ET1 = 0;    //Disable interrupt
  12   1          PT1 = 0;    
  13   1          TMOD = (TMOD & ~0x30) | TIM_16BitAutoReload;    //Set timer mode
  14   1          INT_CLKO |=  0x02; //Set timer output to P34
  15   1      }
  16          
  17          void buzzer_setfreq(u16 freq)
  18          {
  19   1          if(check_legal_freq_1t(freq))
  20   1          {
  21   2              AUXR |=  0x40;  //1T
  22   2              TH1 = (u8) (calc_TIM_from_freq_1t(freq) >> 8);
  23   2                      TL1 = (u8) calc_TIM_from_freq_1t(freq);
  24   2          }
  25   1          else if(check_legal_freq_12t(freq))
  26   1          {
  27   2              AUXR &= ~0x40; //12T
  28   2              TH1 = (u8) (calc_TIM_from_freq_12t(freq) >> 8);
  29   2                      TL1 = (u8) calc_TIM_from_freq_12t(freq);
  30   2          }
  31   1      }


MODULE INFORMATION:   STATIC OVERLAYABLE
   CODE SIZE        =    308    ----
   CONSTANT SIZE    =   ----    ----
   XDATA SIZE       =      2    ----
   PDATA SIZE       =   ----    ----
   DATA SIZE        =   ----    ----
   IDATA SIZE       =   ----    ----
   BIT SIZE         =   ----    ----
   EDATA SIZE       =   ----    ----
   HDATA SIZE       =   ----    ----
   XDATA CONST SIZE =   ----    ----
   FAR CONST SIZE   =   ----    ----
END OF MODULE INFORMATION.


C51 COMPILATION COMPLETE.  1 WARNING(S),  0 ERROR(S)
