AX51 MACRO ASSEMBLER  INTERRUPT_ENTRY                                                       06/26/22 19:34:21 PAGE     1


MACRO ASSEMBLER AX51 V3.15.3.0
OBJECT MODULE PLACED IN .\Objects\interrupt_entry.obj
ASSEMBLER INVOKED BY: C:\Program Files\Keil\C51\BIN\AX51.EXE Src\scheduler\interrupt_entry.a51 SET(SMALL) DEBUG PRINT(.\
                      Listings\interrupt_entry.lst) OBJECT(.\Objects\interrupt_entry.obj) EP

LOC    OBJ             LINE     SOURCE

                          1     
                          2     EXTERN CODE:NEAR (TIMER0_INTERRUPT)
                          3             
                          4     ;=============================================================  
                          5     
00000B                    6     TIMER_INTERRUPT_ENTRANCE SEGMENT CODE AT 00Bh
------                    7     RSEG TIMER_INTERRUPT_ENTRANCE
00000B 020000     F       8         LJMP TIMER_0_INT
                          9     
                         10     ;=============================================================  
------                   11     INTERRUPT_HANDLER SEGMENT CODE
------                   12     RSEG INTERRUPT_HANDLER
                         13     
000000                   14         TIMER_0_INT:
                         15                     ;Save program state
000000 C0E0              16             PUSH    ACC
000002 C0F0              17             PUSH    B
000004 C083              18             PUSH    DPH 
000006 C082              19             PUSH    DPL 
000008 C0D0              20             PUSH    PSW
00000A C000              21             PUSH    0x00
00000C C001              22             PUSH    0x01
00000E C002              23             PUSH    0x02
000010 C003              24             PUSH    0x03
000012 C004              25             PUSH    0x04
000014 C005              26             PUSH    0x05
000016 C006              27             PUSH    0x06
000018 C007              28             PUSH    0x07
                         29     
00001A 120000     E      30             CALL TIMER0_INTERRUPT
                         31     
                         32             ;Restore program state
00001D D007              33             POP     0x07
00001F D006              34             POP     0x06
000021 D005              35             POP     0x05
000023 D004              36             POP     0x04
000025 D003              37             POP     0x03
000027 D002              38             POP     0x02
000029 D001              39             POP     0x01
00002B D000              40             POP     0x00
00002D D0D0              41             POP     PSW
00002F D082              42             POP     DPL
000031 D083              43             POP     DPH
000033 D0F0              44             POP     B
000035 D0E0              45             POP     ACC
000037 32                46             RETI
                         47     
                         48     ;=============================================================  
                         49     END
AX51 MACRO ASSEMBLER  INTERRUPT_ENTRY                                                       06/26/22 19:34:21 PAGE     2

SYMBOL TABLE LISTING
------ ----- -------


N A M E                                   T Y P E  V A L U E     ATTRIBUTES

ACC. . . . . . . . . . . . . . . . . .    D  ADDR  00E0H     A   
B. . . . . . . . . . . . . . . . . . .    D  ADDR  00F0H     A   
DPH. . . . . . . . . . . . . . . . . .    D  ADDR  0083H     A   
DPL. . . . . . . . . . . . . . . . . .    D  ADDR  0082H     A   
INTERRUPT_HANDLER. . . . . . . . . . .    C  SEG   000038H       REL=UNIT, ALN=BYTE
PSW. . . . . . . . . . . . . . . . . .    D  ADDR  00D0H     A   
TIMER0_INTERRUPT . . . . . . . . . . .    C  ADDR  -------       EXT
TIMER_0_INT. . . . . . . . . . . . . .    C  ADDR  0000H     R   SEG=INTERRUPT_HANDLER
TIMER_INTERRUPT_ENTRANCE . . . . . . .    C  SEG   00000EH       REL=ABS, ALN=BYTE


REGISTER BANK(S) USED: 0 


ASSEMBLY COMPLETE.  0 WARNING(S), 0 ERROR(S).
