C51 COMPILER V9.60.0.0   MAIN                                                              06/27/2022 00:24:35 PAGE 1   


C51 COMPILER V9.60.0.0, COMPILATION OF MODULE MAIN
OBJECT MODULE PLACED IN .\Objects\main.obj
COMPILER INVOKED BY: C:\Program Files\Keil\C51\BIN\C51.EXE Src\main.c OMF2 OPTIMIZE(8,SPEED) BROWSE DEFINE(STC) DEBUG PR
                    -INT(.\Listings\main.lst) TABS(2) OBJECT(.\Objects\main.obj)

line level    source

   1          #include "global.h"
   2          #include "scheduler/scheduler.h"
   3          #include "display/seg_led.h"
   4          
   5          void startup()
   6          {
   7   1          seg_led_init();
   8   1          LED_SEG_SWITCH = 1;
   9   1      
  10   1          LEDs = 0xFF;
  11   1          delay_ms(500);
  12   1          LEDs = 0x00;
  13   1          delay_ms(100);
  14   1      }
  15          
  16          void proc1()
  17          {
  18   1          while(1)
  19   1          {
  20   2              //blink led6
  21   2              sleep(2047);
  22   2              LEDs |= 0x40;
  23   2      
  24   2              sleep(2047);
  25   2              LEDs &= 0xBF;
  26   2          }
  27   1      }
  28          
  29          void proc2()
  30          {
  31   1          while(1)
  32   1          {
  33   2              //spin
  34   2              yield();
  35   2          }
  36   1      }
  37          
  38          void main() //also proc0
  39          {
  40   1          startup();
  41   1      
  42   1          start_scheduler(1);
  43   1          start_process(proc1);
  44   1          start_process(proc2);
  45   1      
  46   1          while(1)
  47   1          {
  48   2              //blink led7
  49   2              sleep(1023);
  50   2              LEDs |= 0x80;
  51   2      
  52   2              sleep(1023);
  53   2              LEDs &= 0x7F;
  54   2          }
C51 COMPILER V9.60.0.0   MAIN                                                              06/27/2022 00:24:35 PAGE 2   

  55   1      }


MODULE INFORMATION:   STATIC OVERLAYABLE
   CODE SIZE        =    221    ----
   CONSTANT SIZE    =   ----    ----
   XDATA SIZE       =   ----    ----
   PDATA SIZE       =   ----    ----
   DATA SIZE        =   ----    ----
   IDATA SIZE       =   ----    ----
   BIT SIZE         =   ----    ----
   EDATA SIZE       =   ----    ----
   HDATA SIZE       =   ----    ----
   XDATA CONST SIZE =   ----    ----
   FAR CONST SIZE   =   ----    ----
END OF MODULE INFORMATION.


C51 COMPILATION COMPLETE.  0 WARNING(S),  0 ERROR(S)
