C51 COMPILER V9.60.0.0   MEMCPY                                                            06/26/2022 19:56:27 PAGE 1   


C51 COMPILER V9.60.0.0, COMPILATION OF MODULE MEMCPY
OBJECT MODULE PLACED IN .\Objects\memcpy.obj
COMPILER INVOKED BY: C:\Program Files\Keil\C51\BIN\C51.EXE Src\memcpy\memcpy.c OMF2 OPTIMIZE(8,SPEED) BROWSE DEFINE(STC)
                    - DEBUG PRINT(.\Listings\memcpy.lst) TABS(2) OBJECT(.\Objects\memcpy.obj)

line level    source

   1          #include "memcpy.h"
   2          
   3          void my_memcpy(u8* to, u8* from, u8 len)
   4          {
   5   1          do
   6   1          {
   7   2              --len;
   8   2              to[len] = from[len];
   9   2          } while (len);
  10   1      }


MODULE INFORMATION:   STATIC OVERLAYABLE
   CODE SIZE        =     43    ----
   CONSTANT SIZE    =   ----    ----
   XDATA SIZE       =   ----    ----
   PDATA SIZE       =   ----    ----
   DATA SIZE        =   ----       7
   IDATA SIZE       =   ----    ----
   BIT SIZE         =   ----    ----
   EDATA SIZE       =   ----    ----
   HDATA SIZE       =   ----    ----
   XDATA CONST SIZE =   ----    ----
   FAR CONST SIZE   =   ----    ----
END OF MODULE INFORMATION.


C51 COMPILATION COMPLETE.  0 WARNING(S),  0 ERROR(S)
