C51 COMPILER V9.60.0.0   SCHEDULER                                                         06/27/2022 23:43:41 PAGE 1   


C51 COMPILER V9.60.0.0, COMPILATION OF MODULE SCHEDULER
OBJECT MODULE PLACED IN .\Objects\scheduler.obj
COMPILER INVOKED BY: C:\Program Files\Keil\C51\BIN\C51.EXE Src\scheduler\scheduler.c OMF2 OPTIMIZE(0,SPEED) BROWSE DEFIN
                    -E(STC) DEBUG PRINT(.\Listings\scheduler.lst) TABS(2) OBJECT(.\Objects\scheduler.obj)

line level    source

   1          #include "scheduler.h"
   2          #include "../mem/mem.h"
   3          #include "../conc/semaphore.h"
   4          #include "../bit_ops/bit_ops.h"
   5          #include "../error/error.h"
   6          #include "../events/events.h"
   7          
   8          XDATA u8 interrupt_frames[8][15];
   9          XDATA u8 current_process = 0;
  10          XDATA u32 system_cycles = 0;
  11          XDATA u8 process_slot = 1;
  12          
  13          XDATA u8 remaining_timeslices = DEFAULT_TIMESLICES;
  14          XDATA u8 proc_time_share[8] = {
  15              DEFAULT_TIMESLICES, DEFAULT_TIMESLICES,
  16              DEFAULT_TIMESLICES, DEFAULT_TIMESLICES,
  17              DEFAULT_TIMESLICES, DEFAULT_TIMESLICES,
  18              DEFAULT_TIMESLICES, DEFAULT_TIMESLICES
  19          };//This determines the number of timeslices assigned when each process is scheduled
  20          
  21          //Only processes with 0 sleep countdown can be scheduled
  22          XDATA u16 proc_sleep_countdown[8] ={0, 0, 0, 0, 0, 0, 0, 0};
  23          
  24          DATA u8 flag_nosched = 0;
  25          
  26          void start_scheduler(u8 ms_per_interrupt)
  27          {
  28   1          //Set Timer0, Enable interrupt.
  29   1          {   
  30   2              XDATA TIM_InitTypeDef timer_settings;
  31   2              timer_settings.TIM_Mode = TIM_16BitAutoReload;
  32   2              timer_settings.TIM_Polity = PolityHigh;
  33   2              timer_settings.TIM_Interrupt = ENABLE;
  34   2              timer_settings.TIM_ClkSource = TIM_CLOCK_12T;
  35   2              timer_settings.TIM_ClkOut = DISABLE;
  36   2              timer_settings.TIM_Value = calc_TIM_from_ms_12t(ms_per_interrupt*2);
  37   2              timer_settings.TIM_Run = ENABLE;
  38   2              Timer_Inilize(Timer0, &timer_settings);
  39   2          }
  40   1      
  41   1          //Enable interrupts
  42   1          EA = 1;
  43   1      }
  44          
  45          DATA u8 tmp_save_sp;
  46          void timer0_interrupt()
  47          {
  48   1          system_cycles++;
  49   1          remaining_timeslices--;
  50   1          decrement_sleep_counters();
  51   1      
  52   1          //Running atomic code, do not reschedule
  53   1          if(flag_nosched) return;
  54   1      
C51 COMPILER V9.60.0.0   SCHEDULER                                                         06/27/2022 23:43:41 PAGE 2   

  55   1          //Current process has remaining time slices, do not reschedule
  56   1          if(remaining_timeslices) return;
  57   1      //=============================================================================
  58   1      
  59   1          //Save interrupt frame of current process
  60   1          tmp_save_sp = SP;
  61   1          my_memcpy(interrupt_frames[current_process], (u8 IDATA*)(tmp_save_sp-16), 15);
  62   1          //=========================================================================
  63   1      
  64   1          current_process = select_process();
  65   1          remaining_timeslices = proc_time_share[current_process];
  66   1      
  67   1          /*
  68   1          //Debug
  69   1          led_display_content = system_cycles>>4;
  70   1          DISP_LED();
  71   1          */
  72   1          
  73   1          //=========================================================================
  74   1          //Load interrupt frame of current process
  75   1          my_memcpy((u8 IDATA*)(tmp_save_sp-16), interrupt_frames[current_process], 15);
  76   1      }
  77          
  78          u8 select_process()
  79          {
  80   1          XDATA u8 tmp_process;
  81   1          tmp_process = current_process;
  82   1      
  83   1          //sequentially check other processes
  84   1          while((tmp_process = NEXT(tmp_process)) != current_process)
  85   1              if(process_ready(tmp_process))
  86   1                  return tmp_process;
  87   1      
  88   1          //if no other process can run, check if current process can run again
  89   1          if (process_ready(current_process))
  90   1              return current_process;
  91   1          
  92   1          //Can't find a process to run, Error code 1.
  93   1          error_spin(1);
  94   1      }
  95          
  96          u8 process_ready(u8 pid)
  97          {
  98   1          //Check process exists
  99   1          if(!PROC_EXISTS(pid))
 100   1              return 0;
 101   1      
 102   1          //Check process is not sleeping
 103   1          if(proc_sleep_countdown[pid])
 104   1              return 0;
 105   1      
 106   1          //Check process is not waiting for semaphore
 107   1          if(proc_waiting_sem & BIT(pid))
 108   1              return 0;
 109   1      
 110   1          //Check process is not waitiong for events
 111   1          if(proc_waiting_evt & BIT(pid))
 112   1              return 0;
 113   1              
 114   1          return 1;
 115   1      }
 116          
C51 COMPILER V9.60.0.0   SCHEDULER                                                         06/27/2022 23:43:41 PAGE 3   

 117          u8 __start_process(PROCESS_ENTRY entry)
 118          {
 119   1          XDATA u8 tmp_process;
 120   1          
 121   1          //find a slot for new process
 122   1          tmp_process = find_empty_slot();
 123   1          
 124   1          //create interrupt frame for process
 125   1          memzero(interrupt_frames[tmp_process], 15);
 126   1          interrupt_frames[tmp_process][INTFRM_ADDRLO] = ((u16)entry) & 0xff;
 127   1          interrupt_frames[tmp_process][INTFRM_ADDRHI] = (((u16)entry)>>8) & 0xff;
 128   1      
 129   1          //flag process existence
 130   1          process_slot |= BIT(tmp_process);
 131   1      
 132   1          return tmp_process;
 133   1      }
 134          
 135          u8 find_empty_slot()
 136          {
 137   1          XDATA u8 tmp_process;
 138   1      
 139   1          for(tmp_process = 0; tmp_process<8; tmp_process++)
 140   1          {
 141   2              if(!PROC_EXISTS(tmp_process))
 142   2              {
 143   3                  tmp_process |= BIT(7); //set this bit to indicate that a valid slot is found
 144   3                  break;
 145   3              }
 146   2          }
 147   1      
 148   1          //can't find a slot for new process
 149   1          if(!(tmp_process&BIT(7)))
 150   1              error_spin(2);
 151   1      
 152   1          return (tmp_process & 0x07); //remove the flag before returning
 153   1      }
 154          
 155          void decrement_sleep_counters()
 156          {
 157   1          COUNTDOWN(proc_sleep_countdown[0]);
 158   1          COUNTDOWN(proc_sleep_countdown[1]);
 159   1          COUNTDOWN(proc_sleep_countdown[2]);
 160   1          COUNTDOWN(proc_sleep_countdown[3]);
 161   1          COUNTDOWN(proc_sleep_countdown[4]);
 162   1          COUNTDOWN(proc_sleep_countdown[5]);
 163   1          COUNTDOWN(proc_sleep_countdown[6]);
 164   1          COUNTDOWN(proc_sleep_countdown[7]);
 165   1          
 166   1          sleep_check();
 167   1      }
 168          
 169          //process code -> __yield(asm) -> __reschedule -> return to __yield -> return to new context
 170          void __reschedule()
 171          {
 172   1          DATA u8 tmp_save_sp;
 173   1      
 174   1          tmp_save_sp = SP;
 175   1          my_memcpy(interrupt_frames[current_process], (u8 IDATA*)(tmp_save_sp-16), 15);
 176   1      
 177   1          current_process = select_process();
 178   1          remaining_timeslices = proc_time_share[current_process];
C51 COMPILER V9.60.0.0   SCHEDULER                                                         06/27/2022 23:43:41 PAGE 4   

 179   1      
 180   1          my_memcpy((u8 IDATA*)(tmp_save_sp-16), interrupt_frames[current_process], 15);
 181   1      }
 182          
 183          void sleep_check()
 184          {
 185   1          if (proc_sleep_countdown[0]) error_spin(10);
 186   1          //if (proc_sleep_countdown[1]) error_spin(11);
 187   1          //if (proc_sleep_countdown[2]) error_spin(12);
 188   1          //if (proc_sleep_countdown[3]) error_spin(13);
 189   1          //if (proc_sleep_countdown[4]) error_spin(14);
 190   1          //if (proc_sleep_countdown[5]) error_spin(15);
 191   1          //if (proc_sleep_countdown[6]) error_spin(16);
 192   1          //if (proc_sleep_countdown[7]) error_spin(17);
 193   1      }
*** WARNING C291 IN LINE 94 OF Src\scheduler\scheduler.c: not every exit path returns a value


MODULE INFORMATION:   STATIC OVERLAYABLE
   CODE SIZE        =   1149    ----
   CONSTANT SIZE    =   ----    ----
   XDATA SIZE       =    162    ----
   PDATA SIZE       =   ----    ----
   DATA SIZE        =      7    ----
   IDATA SIZE       =   ----    ----
   BIT SIZE         =   ----    ----
   EDATA SIZE       =   ----    ----
   HDATA SIZE       =   ----    ----
   XDATA CONST SIZE =   ----    ----
   FAR CONST SIZE   =   ----    ----
END OF MODULE INFORMATION.


C51 COMPILATION COMPLETE.  1 WARNING(S),  0 ERROR(S)
