C51 COMPILER V9.60.0.0   TIMER                                                             06/26/2022 21:03:19 PAGE 1   


C51 COMPILER V9.60.0.0, COMPILATION OF MODULE TIMER
OBJECT MODULE PLACED IN .\Objects\timer.obj
COMPILER INVOKED BY: C:\Program Files\Keil\C51\BIN\C51.EXE Src\stc\timer.c OMF2 OPTIMIZE(8,SPEED) BROWSE DEFINE(STC) DEB
                    -UG PRINT(.\Listings\timer.lst) TABS(2) OBJECT(.\Objects\timer.obj)

line level    source

   1          
   2          /*************  功能说明  **************
   3          
   4          本文件为STC15xxx系列的定时器初始化和中断程序,用户可以在这个文件中修改自己需要的中断程序.
   5          
   6          
   7          ******************************************/
   8          
   9          
  10          
  11          #include  "timer.h"
  12          
  13          /********************* Timer0中断函数************************/
  14          void timer0_int (void) interrupt TIMER0_VECTOR
  15          {
  16   1      
  17   1      }
  18          
  19          /********************* Timer1中断函数************************/
  20          void timer1_int (void) interrupt TIMER1_VECTOR
  21          {
  22   1      
  23   1      }
  24          
  25          /********************* Timer2中断函数************************/
  26          void timer2_int (void) interrupt TIMER2_VECTOR
  27          {
  28   1        P10 = ~P10;
  29   1      }
  30          
  31          
  32          //========================================================================
  33          // 函数: u8 Timer_Inilize(u8 TIM, TIM_InitTypeDef *TIMx)
  34          // 描述: 定时器初始化程序.
  35          // 参数: TIMx: 结构参数,请参考timer.h里的定义.
  36          // 返回: 成功返回0, 空操作返回1,错误返回2.
  37          // 版本: V1.0, 2012-10-22
  38          //========================================================================
  39          u8  Timer_Inilize(u8 TIM, TIM_InitTypeDef *TIMx)
  40          {
  41   1        if(TIM > Timer2)  return 1; //空操作
  42   1      
  43   1        if(TIM == Timer0)
  44   1        {
  45   2          TR0 = 0;    //停止计数
  46   2          if(TIMx->TIM_Interrupt == ENABLE)   ET0 = 1;  //允许中断
  47   2          else                  ET0 = 0;  //禁止中断
  48   2          if(TIMx->TIM_Polity == PolityHigh)    PT0 = 1;  //高优先级中断
  49   2          else                  PT0 = 0;  //低优先级中断
  50   2          if(TIMx->TIM_Mode >  TIM_16BitAutoReloadNoMask) return 2; //错误
  51   2          TMOD = (TMOD & ~0x03) | TIMx->TIM_Mode; //工作模式,0: 16位自动重装, 1: 16位定时/计数, 2: 8位自动重装, 3:
             - 16位自动重装, 不可屏蔽中断
  52   2          if(TIMx->TIM_ClkSource == TIM_CLOCK_12T)  AUXR &= ~0x80;  //12T
  53   2          if(TIMx->TIM_ClkSource == TIM_CLOCK_1T)   AUXR |=  0x80;  //1T
C51 COMPILER V9.60.0.0   TIMER                                                             06/26/2022 21:03:19 PAGE 2   

  54   2          if(TIMx->TIM_ClkSource == TIM_CLOCK_Ext)  TMOD |=  0x04;  //对外计数或分频
  55   2          else                    TMOD &= ~0x04;  //定时
  56   2          if(TIMx->TIM_ClkOut == ENABLE)  INT_CLKO |=  0x01;  //输出时钟
  57   2          else              INT_CLKO &= ~0x01;  //不输出时钟
  58   2          
  59   2          TH0 = (u8)(TIMx->TIM_Value >> 8);
  60   2          TL0 = (u8)TIMx->TIM_Value;
  61   2          if(TIMx->TIM_Run == ENABLE) TR0 = 1;  //开始运行
  62   2          return  0;    //成功
  63   2        }
  64   1      
  65   1        if(TIM == Timer1)
  66   1        {
  67   2          TR1 = 0;    //停止计数
  68   2          if(TIMx->TIM_Interrupt == ENABLE)   ET1 = 1;  //允许中断
  69   2          else                  ET1 = 0;  //禁止中断
  70   2          if(TIMx->TIM_Polity == PolityHigh)    PT1 = 1;  //高优先级中断
  71   2          else                  PT1 = 0;  //低优先级中断
  72   2          if(TIMx->TIM_Mode >= TIM_16BitAutoReloadNoMask) return 2; //错误
  73   2          TMOD = (TMOD & ~0x30) | TIMx->TIM_Mode; //工作模式,0: 16位自动重装, 1: 16位定时/计数, 2: 8位自动重装
  74   2          if(TIMx->TIM_ClkSource == TIM_CLOCK_12T)  AUXR &= ~0x40;  //12T
  75   2          if(TIMx->TIM_ClkSource == TIM_CLOCK_1T)   AUXR |=  0x40;  //1T
  76   2          if(TIMx->TIM_ClkSource == TIM_CLOCK_Ext)  TMOD |=  0x40;  //对外计数或分频
  77   2          else                    TMOD &= ~0x40;  //定时
  78   2          if(TIMx->TIM_ClkOut == ENABLE)  INT_CLKO |=  0x02;  //输出时钟
  79   2          else              INT_CLKO &= ~0x02;  //不输出时钟
  80   2          
  81   2          TH1 = (u8)(TIMx->TIM_Value >> 8);
  82   2          TL1 = (u8)TIMx->TIM_Value;
  83   2          if(TIMx->TIM_Run == ENABLE) TR1 = 1;  //开始运行
  84   2          return  0;    //成功
  85   2        }
  86   1      
  87   1        if(TIM == Timer2)   //Timer2,固定为16位自动重装, 中断无优先级
  88   1        {
  89   2          AUXR &= ~(1<<4);  //停止计数
  90   2          if(TIMx->TIM_Interrupt == ENABLE)     IE2  |=  (1<<2);  //允许中断
  91   2          else                    IE2  &= ~(1<<2);  //禁止中断
  92   2          if(TIMx->TIM_ClkSource >  TIM_CLOCK_Ext)  return 2;
  93   2          if(TIMx->TIM_ClkSource == TIM_CLOCK_12T)  AUXR &= ~(1<<2);  //12T
  94   2          if(TIMx->TIM_ClkSource == TIM_CLOCK_1T)   AUXR |=  (1<<2);  //1T
  95   2          if(TIMx->TIM_ClkSource == TIM_CLOCK_Ext)  AUXR |=  (1<<3);  //对外计数或分频
  96   2          else                    AUXR &= ~(1<<3);  //定时
  97   2          if(TIMx->TIM_ClkOut == ENABLE)  INT_CLKO |=  0x04;  //输出时钟
  98   2          else              INT_CLKO &= ~0x04;  //不输出时钟
  99   2      
 100   2          TH2 = (u8)(TIMx->TIM_Value >> 8);
 101   2          TL2 = (u8)TIMx->TIM_Value;
 102   2          if(TIMx->TIM_Run == ENABLE) AUXR |=  (1<<4);  //开始运行
 103   2          return  0;    //成功
 104   2        }
 105   1        return 2; //错误
 106   1      }


MODULE INFORMATION:   STATIC OVERLAYABLE
   CODE SIZE        =    472    ----
   CONSTANT SIZE    =   ----    ----
   XDATA SIZE       =   ----    ----
   PDATA SIZE       =   ----    ----
   DATA SIZE        =   ----    ----
   IDATA SIZE       =   ----    ----
C51 COMPILER V9.60.0.0   TIMER                                                             06/26/2022 21:03:19 PAGE 3   

   BIT SIZE         =   ----    ----
   EDATA SIZE       =   ----    ----
   HDATA SIZE       =   ----    ----
   XDATA CONST SIZE =   ----    ----
   FAR CONST SIZE   =   ----    ----
END OF MODULE INFORMATION.


C51 COMPILATION COMPLETE.  0 WARNING(S),  0 ERROR(S)
